<!DOCTYPE html>

<html>
  <head>
  <meta charset='utf-8'>
  <title>TestNG reports</title>

    <link type="text/css" href="testng-reports1.css" rel="stylesheet" id="ultra" />
    <link type="text/css" href="testng-reports.css" rel="stylesheet" id="retro" disabled="false"/>
    <script type="text/javascript" src="jquery-3.6.0.min.js"></script>
    <script type="text/javascript" src="testng-reports.js"></script>
    <script type="text/javascript" src="https://www.google.com/jsapi"></script>
    <script type='text/javascript'>
      google.load('visualization', '1', {packages:['table']});
      google.setOnLoadCallback(drawTable);
      var suiteTableInitFunctions = new Array();
      var suiteTableData = new Array();
    </script>
    <!--
      <script type="text/javascript" src="jquery-ui/js/jquery-ui-1.8.16.custom.min.js"></script>
     -->
  </head>

  <body>    <div class="top-banner-root">
      <span class="top-banner-title-font">Test results</span>
      <button id="button" class="button">Switch Retro Theme</button> <!-- button -->
      <br/>
      <span class="top-banner-font-1">1 suite, 7 failed tests</span>
    </div> <!-- top-banner-root -->
    <div class="navigator-root">
      <div class="navigator-suite-header">
        <span>All suites</span>
        <a href="#" title="Collapse/expand all the suites" class="collapse-all-link">
          <img src="collapseall.gif" class="collapse-all-icon">
          </img> <!-- collapse-all-icon -->
        </a> <!-- collapse-all-link -->
      </div> <!-- navigator-suite-header -->
      <div class="suite">
        <div class="rounded-window">
          <div class="suite-header light-rounded-window-top">
            <a href="#" panel-name="suite-NopCommerce_Suite" class="navigator-link">
              <span class="suite-name border-failed">NopCommerce Suite</span>
            </a> <!-- navigator-link -->
          </div> <!-- suite-header light-rounded-window-top -->
          <div class="navigator-suite-content">
            <div class="suite-section-title">
              <span>Info</span>
            </div> <!-- suite-section-title -->
            <div class="suite-section-content">
              <ul>
                <li>
                  <a href="#" panel-name="test-xml-NopCommerce_Suite" class="navigator-link ">
                    <span>C:\Users\USER\eclipse-workspace\nopcommerce-capstone\testng.xml</span>
                  </a> <!-- navigator-link  -->
                </li>
                <li>
                  <a href="#" panel-name="testlist-NopCommerce_Suite" class="navigator-link ">
                    <span class="test-stats">1 test</span>
                  </a> <!-- navigator-link  -->
                </li>
                <li>
                  <a href="#" panel-name="group-NopCommerce_Suite" class="navigator-link ">
                    <span>0 groups</span>
                  </a> <!-- navigator-link  -->
                </li>
                <li>
                  <a href="#" panel-name="times-NopCommerce_Suite" class="navigator-link ">
                    <span>Times</span>
                  </a> <!-- navigator-link  -->
                </li>
                <li>
                  <a href="#" panel-name="reporter-NopCommerce_Suite" class="navigator-link ">
                    <span>Reporter output</span>
                  </a> <!-- navigator-link  -->
                </li>
                <li>
                  <a href="#" panel-name="ignored-methods-NopCommerce_Suite" class="navigator-link ">
                    <span>Ignored methods</span>
                  </a> <!-- navigator-link  -->
                </li>
                <li>
                  <a href="#" panel-name="chronological-NopCommerce_Suite" class="navigator-link ">
                    <span>Chronological view</span>
                  </a> <!-- navigator-link  -->
                </li>
              </ul>
            </div> <!-- suite-section-content -->
            <div class="result-section">
              <div class="suite-section-title">
                <span>Results</span>
              </div> <!-- suite-section-title -->
              <div class="suite-section-content">
                <ul>
                  <li>
                    <span class="method-stats">24 methods, 7 failed,  4 skipped,  13 passed</span>
                  </li>
                  <li>
                    <span class="method-list-title failed">Failed methods</span>
                    <span class="show-or-hide-methods failed">
                      <a href="#" panel-name="suite-NopCommerce_Suite" class="hide-methods failed suite-NopCommerce_Suite"> (hide)</a> <!-- hide-methods failed suite-NopCommerce_Suite -->
                      <a href="#" panel-name="suite-NopCommerce_Suite" class="show-methods failed suite-NopCommerce_Suite"> (show)</a> <!-- show-methods failed suite-NopCommerce_Suite -->
                    </span>
                    <div class="method-list-content failed suite-NopCommerce_Suite">
                      <span>
                        <img src="failed.png" width="3%"/>
                        <a href="#" panel-name="suite-NopCommerce_Suite" title="testcases.ProductTest" class="method navigator-link" hash-for-method="addMultipleDesktopsToCart">addMultipleDesktopsToCart</a> <!-- method navigator-link -->
                      </span>
                      <br/>
                      <span>
                        <img src="failed.png" width="3%"/>
                        <a href="#" panel-name="suite-NopCommerce_Suite" title="testcases.ProductTest" class="method navigator-link" hash-for-method="addProductsToCompareList">addProductsToCompareList</a> <!-- method navigator-link -->
                      </span>
                      <br/>
                      <span>
                        <img src="failed.png" width="3%"/>
                        <a href="#" panel-name="suite-NopCommerce_Suite" title="testcases.ProductTest" class="method navigator-link" hash-for-method="changeProductViewToList">changeProductViewToList</a> <!-- method navigator-link -->
                      </span>
                      <br/>
                      <span>
                        <img src="failed.png" width="3%"/>
                        <a href="#" panel-name="suite-NopCommerce_Suite" title="testcases.CheckoutTest" class="method navigator-link" hash-for-method="checkoutProcessTest">checkoutProcessTest</a> <!-- method navigator-link -->
                      </span>
                      <br/>
                      <span>
                        <img src="failed.png" width="3%"/>
                        <a href="#" panel-name="suite-NopCommerce_Suite" title="testcases.ProductTest" class="method navigator-link" hash-for-method="searchNotebookTest">searchNotebookTest</a> <!-- method navigator-link -->
                      </span>
                      <br/>
                      <span>
                        <img src="failed.png" width="3%"/>
                        <a href="#" panel-name="suite-NopCommerce_Suite" title="testcases.ProductTest" class="method navigator-link" hash-for-method="sortProductsByPriceLowToHigh">sortProductsByPriceLowToHigh</a> <!-- method navigator-link -->
                      </span>
                      <br/>
                      <span>
                        <img src="failed.png" width="3%"/>
                        <a href="#" panel-name="suite-NopCommerce_Suite" title="testcases.ProductTest" class="method navigator-link" hash-for-method="verifySearchNoResults">verifySearchNoResults</a> <!-- method navigator-link -->
                      </span>
                      <br/>
                    </div> <!-- method-list-content failed suite-NopCommerce_Suite -->
                  </li>
                  <li>
                    <span class="method-list-title skipped">Skipped methods</span>
                    <span class="show-or-hide-methods skipped">
                      <a href="#" panel-name="suite-NopCommerce_Suite" class="hide-methods skipped suite-NopCommerce_Suite"> (hide)</a> <!-- hide-methods skipped suite-NopCommerce_Suite -->
                      <a href="#" panel-name="suite-NopCommerce_Suite" class="show-methods skipped suite-NopCommerce_Suite"> (show)</a> <!-- show-methods skipped suite-NopCommerce_Suite -->
                    </span>
                    <div class="method-list-content skipped suite-NopCommerce_Suite">
                      <span>
                        <img src="skipped.png" width="3%"/>
                        <a href="#" panel-name="suite-NopCommerce_Suite" title="testcases.CartTest" class="method navigator-link" hash-for-method="cartCheckoutButtonTest">cartCheckoutButtonTest</a> <!-- method navigator-link -->
                      </span>
                      <br/>
                      <span>
                        <img src="skipped.png" width="3%"/>
                        <a href="#" panel-name="suite-NopCommerce_Suite" title="testcases.CartTest" class="method navigator-link" hash-for-method="emptyCartTest">emptyCartTest</a> <!-- method navigator-link -->
                      </span>
                      <br/>
                      <span>
                        <img src="skipped.png" width="3%"/>
                        <a href="#" panel-name="suite-NopCommerce_Suite" title="testcases.CartTest" class="method navigator-link" hash-for-method="removeProductFromCartTest">removeProductFromCartTest</a> <!-- method navigator-link -->
                      </span>
                      <br/>
                      <span>
                        <img src="skipped.png" width="3%"/>
                        <a href="#" panel-name="suite-NopCommerce_Suite" title="testcases.CartTest" class="method navigator-link" hash-for-method="verifyCartHasLaptop">verifyCartHasLaptop</a> <!-- method navigator-link -->
                      </span>
                      <br/>
                    </div> <!-- method-list-content skipped suite-NopCommerce_Suite -->
                  </li>
                  <li>
                    <span class="method-list-title passed">Passed methods</span>
                    <span class="show-or-hide-methods passed">
                      <a href="#" panel-name="suite-NopCommerce_Suite" class="hide-methods passed suite-NopCommerce_Suite"> (hide)</a> <!-- hide-methods passed suite-NopCommerce_Suite -->
                      <a href="#" panel-name="suite-NopCommerce_Suite" class="show-methods passed suite-NopCommerce_Suite"> (show)</a> <!-- show-methods passed suite-NopCommerce_Suite -->
                    </span>
                    <div class="method-list-content passed suite-NopCommerce_Suite">
                      <span>
                        <img src="passed.png" width="3%"/>
                        <a href="#" panel-name="suite-NopCommerce_Suite" title="testcases.ProductTest" class="method navigator-link" hash-for-method="addMultipleNotebooksToCart">addMultipleNotebooksToCart</a> <!-- method navigator-link -->
                      </span>
                      <br/>
                      <span>
                        <img src="passed.png" width="3%"/>
                        <a href="#" panel-name="suite-NopCommerce_Suite" title="testcases.ProductTest" class="method navigator-link" hash-for-method="addSingleLaptopToCart">addSingleLaptopToCart</a> <!-- method navigator-link -->
                      </span>
                      <br/>
                      <span>
                        <img src="passed.png" width="3%"/>
                        <a href="#" panel-name="suite-NopCommerce_Suite" title="testcases.LoginTest" class="method navigator-link" hash-for-method="blankFieldsLoginTest">blankFieldsLoginTest</a> <!-- method navigator-link -->
                      </span>
                      <br/>
                      <span>
                        <img src="passed.png" width="3%"/>
                        <a href="#" panel-name="suite-NopCommerce_Suite" title="testcases.RegisterTest" class="method navigator-link" hash-for-method="blankFieldsRegistrationTest">blankFieldsRegistrationTest</a> <!-- method navigator-link -->
                      </span>
                      <br/>
                      <span>
                        <img src="passed.png" width="3%"/>
                        <a href="#" panel-name="suite-NopCommerce_Suite" title="testcases.RegisterTest" class="method navigator-link" hash-for-method="duplicateEmailRegistrationTest">duplicateEmailRegistrationTest</a> <!-- method navigator-link -->
                      </span>
                      <br/>
                      <span>
                        <img src="passed.png" width="3%"/>
                        <a href="#" panel-name="suite-NopCommerce_Suite" title="testcases.LoginTest" class="method navigator-link" hash-for-method="invalidEmailLoginTest">invalidEmailLoginTest</a> <!-- method navigator-link -->
                      </span>
                      <br/>
                      <span>
                        <img src="passed.png" width="3%"/>
                        <a href="#" panel-name="suite-NopCommerce_Suite" title="testcases.LoginTest" class="method navigator-link" hash-for-method="invalidPasswordLoginTest">invalidPasswordLoginTest</a> <!-- method navigator-link -->
                      </span>
                      <br/>
                      <span>
                        <img src="passed.png" width="3%"/>
                        <a href="#" panel-name="suite-NopCommerce_Suite" title="testcases.RegisterTest" class="method navigator-link" hash-for-method="passwordMismatchTest">passwordMismatchTest</a> <!-- method navigator-link -->
                      </span>
                      <br/>
                      <span>
                        <img src="passed.png" width="3%"/>
                        <a href="#" panel-name="suite-NopCommerce_Suite" title="testcases.ProductTest" class="method navigator-link" hash-for-method="searchAndAddLaptopToCart">searchAndAddLaptopToCart</a> <!-- method navigator-link -->
                      </span>
                      <br/>
                      <span>
                        <img src="passed.png" width="3%"/>
                        <a href="#" panel-name="suite-NopCommerce_Suite" title="testcases.ProductTest" class="method navigator-link" hash-for-method="searchDesktopTest">searchDesktopTest</a> <!-- method navigator-link -->
                      </span>
                      <br/>
                      <span>
                        <img src="passed.png" width="3%"/>
                        <a href="#" panel-name="suite-NopCommerce_Suite" title="testcases.ProductTest" class="method navigator-link" hash-for-method="searchLaptopTest">searchLaptopTest</a> <!-- method navigator-link -->
                      </span>
                      <br/>
                      <span>
                        <img src="passed.png" width="3%"/>
                        <a href="#" panel-name="suite-NopCommerce_Suite" title="testcases.LoginTest" class="method navigator-link" hash-for-method="validLoginTest">validLoginTest</a> <!-- method navigator-link -->
                      </span>
                      <br/>
                      <span>
                        <img src="passed.png" width="3%"/>
                        <a href="#" panel-name="suite-NopCommerce_Suite" title="testcases.RegisterTest" class="method navigator-link" hash-for-method="validRegistrationTest">validRegistrationTest</a> <!-- method navigator-link -->
                      </span>
                      <br/>
                    </div> <!-- method-list-content passed suite-NopCommerce_Suite -->
                  </li>
                </ul>
              </div> <!-- suite-section-content -->
            </div> <!-- result-section -->
          </div> <!-- navigator-suite-content -->
        </div> <!-- rounded-window -->
      </div> <!-- suite -->
    </div> <!-- navigator-root -->
    <div class="wrapper">
      <div class="main-panel-root">
        <div panel-name="suite-NopCommerce_Suite" class="panel NopCommerce_Suite">
          <div class="suite-NopCommerce_Suite-class-failed">
            <div class="main-panel-header rounded-window-top">
              <img src="failed.png"/>
              <span class="class-name">testcases.ProductTest</span>
            </div> <!-- main-panel-header rounded-window-top -->
            <div class="main-panel-content rounded-window-bottom">
              <div class="method">
                <div class="method-content">
                  <a name="addMultipleDesktopsToCart">
                  </a> <!-- addMultipleDesktopsToCart -->
                  <span class="method-name">addMultipleDesktopsToCart</span>
                  <div class="stack-trace">org.openqa.selenium.TimeoutException: Expected condition failed: waiting for element to be clickable: By.xpath: //ul[@class=&apos;top-menu notmobile&apos;]//a[contains(text(),&apos;Desktops&apos;)] (tried for 10 second(s) with 500 milliseconds interval)
Build info: version: &apos;4.12.1&apos;, revision: &apos;8e34639b11&apos;
System info: os.name: &apos;Windows 11&apos;, os.arch: &apos;amd64&apos;, os.version: &apos;10.0&apos;, java.version: &apos;21.0.7&apos;
Driver info: org.openqa.selenium.chrome.ChromeDriver
Capabilities {acceptInsecureCerts: false, browserName: chrome, browserVersion: 139.0.7258.155, chrome: {chromedriverVersion: 139.0.7258.154 (9e0d6b2b47f..., userDataDir: C:\Users\USER\AppData\Local...}, fedcm:accounts: true, goog:chromeOptions: {debuggerAddress: localhost:52039}, networkConnectionEnabled: false, pageLoadStrategy: normal, platformName: windows, proxy: Proxy(), se:cdp: ws://localhost:52039/devtoo..., se:cdpVersion: 139.0.7258.155, setWindowRect: true, strictFileInteractability: false, timeouts: {implicit: 0, pageLoad: 300000, script: 30000}, unhandledPromptBehavior: dismiss and notify, webauthn:extension:credBlob: true, webauthn:extension:largeBlob: true, webauthn:extension:minPinLength: true, webauthn:extension:prf: true, webauthn:virtualAuthenticators: true}
Session ID: a5df772884981de6ed76d44b54616ceb
	at org.openqa.selenium.support.ui.WebDriverWait.timeoutException(WebDriverWait.java:84)
	at org.openqa.selenium.support.ui.FluentWait.until(FluentWait.java:230)
	at pages.ProductPage.navigateToDesktops(ProductPage.java:43)
	at testcases.ProductTest.addMultipleDesktopsToCart(ProductTest.java:48)
	at java.base/java.util.ArrayList.forEach(ArrayList.java:1596)
... Removed 25 stack frames
</div> <!-- stack-trace -->
                </div> <!-- method-content -->
              </div> <!-- method -->
              <div class="method">
                <div class="method-content">
                  <a name="addProductsToCompareList">
                  </a> <!-- addProductsToCompareList -->
                  <span class="method-name">addProductsToCompareList</span>
                  <div class="stack-trace">java.lang.IndexOutOfBoundsException: Index 0 out of bounds for length 0
	at java.base/jdk.internal.util.Preconditions.outOfBounds(Preconditions.java:100)
	at java.base/jdk.internal.util.Preconditions.outOfBoundsCheckIndex(Preconditions.java:106)
	at java.base/jdk.internal.util.Preconditions.checkIndex(Preconditions.java:302)
	at java.base/java.util.Objects.checkIndex(Objects.java:385)
	at java.base/java.util.ArrayList.get(ArrayList.java:427)
	at testcases.ProductTest.addProductsToCompareList(ProductTest.java:92)
	at java.base/java.util.ArrayList.forEach(ArrayList.java:1596)
... Removed 25 stack frames
</div> <!-- stack-trace -->
                </div> <!-- method-content -->
              </div> <!-- method -->
              <div class="method">
                <div class="method-content">
                  <a name="changeProductViewToList">
                  </a> <!-- changeProductViewToList -->
                  <span class="method-name">changeProductViewToList</span>
                  <div class="stack-trace">org.openqa.selenium.NoSuchElementException: no such element: Unable to locate element: {&quot;method&quot;:&quot;css selector&quot;,&quot;selector&quot;:&quot;.viewmode\-icon\-list&quot;}
  (Session info: chrome=139.0.7258.155)
For documentation on this error, please visit: https://www.selenium.dev/documentation/webdriver/troubleshooting/errors#no-such-element-exception
Build info: version: &apos;4.12.1&apos;, revision: &apos;8e34639b11&apos;
System info: os.name: &apos;Windows 11&apos;, os.arch: &apos;amd64&apos;, os.version: &apos;10.0&apos;, java.version: &apos;21.0.7&apos;
Driver info: org.openqa.selenium.chrome.ChromeDriver
Command: [a5df772884981de6ed76d44b54616ceb, findElement {using=class name, value=viewmode-icon-list}]
Capabilities {acceptInsecureCerts: false, browserName: chrome, browserVersion: 139.0.7258.155, chrome: {chromedriverVersion: 139.0.7258.154 (9e0d6b2b47f..., userDataDir: C:\Users\USER\AppData\Local...}, fedcm:accounts: true, goog:chromeOptions: {debuggerAddress: localhost:52039}, networkConnectionEnabled: false, pageLoadStrategy: normal, platformName: windows, proxy: Proxy(), se:cdp: ws://localhost:52039/devtoo..., se:cdpVersion: 139.0.7258.155, setWindowRect: true, strictFileInteractability: false, timeouts: {implicit: 0, pageLoad: 300000, script: 30000}, unhandledPromptBehavior: dismiss and notify, webauthn:extension:credBlob: true, webauthn:extension:largeBlob: true, webauthn:extension:minPinLength: true, webauthn:extension:prf: true, webauthn:virtualAuthenticators: true}
Session ID: a5df772884981de6ed76d44b54616ceb
	at org.openqa.selenium.remote.codec.w3c.W3CHttpResponseCodec.createException(W3CHttpResponseCodec.java:200)
	at org.openqa.selenium.remote.codec.w3c.W3CHttpResponseCodec.decode(W3CHttpResponseCodec.java:133)
	at org.openqa.selenium.remote.codec.w3c.W3CHttpResponseCodec.decode(W3CHttpResponseCodec.java:52)
	at org.openqa.selenium.remote.HttpCommandExecutor.execute(HttpCommandExecutor.java:191)
	at org.openqa.selenium.remote.service.DriverCommandExecutor.invokeExecute(DriverCommandExecutor.java:196)
	at org.openqa.selenium.remote.service.DriverCommandExecutor.execute(DriverCommandExecutor.java:171)
	at org.openqa.selenium.remote.RemoteWebDriver.execute(RemoteWebDriver.java:602)
	at org.openqa.selenium.remote.ElementLocation$ElementFinder$2.findElement(ElementLocation.java:165)
	at org.openqa.selenium.remote.ElementLocation.findElement(ElementLocation.java:66)
	at org.openqa.selenium.remote.RemoteWebDriver.findElement(RemoteWebDriver.java:359)
	at org.openqa.selenium.remote.RemoteWebDriver.findElement(RemoteWebDriver.java:353)
	at testcases.ProductTest.changeProductViewToList(ProductTest.java:85)
	at java.base/java.util.ArrayList.forEach(ArrayList.java:1596)
... Removed 28 stack frames
</div> <!-- stack-trace -->
                </div> <!-- method-content -->
              </div> <!-- method -->
              <div class="method">
                <div class="method-content">
                  <a name="searchNotebookTest">
                  </a> <!-- searchNotebookTest -->
                  <span class="method-name">searchNotebookTest</span>
                  <div class="stack-trace">org.openqa.selenium.TimeoutException: Expected condition failed: waiting for element to be clickable: By.xpath: //ul[@class=&apos;top-menu notmobile&apos;]//a[contains(text(),&apos;Notebooks&apos;)] (tried for 10 second(s) with 500 milliseconds interval)
Build info: version: &apos;4.12.1&apos;, revision: &apos;8e34639b11&apos;
System info: os.name: &apos;Windows 11&apos;, os.arch: &apos;amd64&apos;, os.version: &apos;10.0&apos;, java.version: &apos;21.0.7&apos;
Driver info: org.openqa.selenium.chrome.ChromeDriver
Capabilities {acceptInsecureCerts: false, browserName: chrome, browserVersion: 139.0.7258.155, chrome: {chromedriverVersion: 139.0.7258.154 (9e0d6b2b47f..., userDataDir: C:\Users\USER\AppData\Local...}, fedcm:accounts: true, goog:chromeOptions: {debuggerAddress: localhost:52039}, networkConnectionEnabled: false, pageLoadStrategy: normal, platformName: windows, proxy: Proxy(), se:cdp: ws://localhost:52039/devtoo..., se:cdpVersion: 139.0.7258.155, setWindowRect: true, strictFileInteractability: false, timeouts: {implicit: 0, pageLoad: 300000, script: 30000}, unhandledPromptBehavior: dismiss and notify, webauthn:extension:credBlob: true, webauthn:extension:largeBlob: true, webauthn:extension:minPinLength: true, webauthn:extension:prf: true, webauthn:virtualAuthenticators: true}
Session ID: a5df772884981de6ed76d44b54616ceb
	at org.openqa.selenium.support.ui.WebDriverWait.timeoutException(WebDriverWait.java:84)
	at org.openqa.selenium.support.ui.FluentWait.until(FluentWait.java:230)
	at pages.ProductPage.navigateToNotebooks(ProductPage.java:50)
	at testcases.ProductTest.searchNotebookTest(ProductTest.java:35)
	at java.base/java.util.ArrayList.forEach(ArrayList.java:1596)
... Removed 25 stack frames
</div> <!-- stack-trace -->
                </div> <!-- method-content -->
              </div> <!-- method -->
              <div class="method">
                <div class="method-content">
                  <a name="sortProductsByPriceLowToHigh">
                  </a> <!-- sortProductsByPriceLowToHigh -->
                  <span class="method-name">sortProductsByPriceLowToHigh</span>
                  <div class="stack-trace">org.openqa.selenium.TimeoutException: Expected condition failed: waiting for element to be clickable: By.xpath: //ul[@class=&apos;top-menu notmobile&apos;]//a[contains(text(),&apos;Desktops&apos;)] (tried for 10 second(s) with 500 milliseconds interval)
Build info: version: &apos;4.12.1&apos;, revision: &apos;8e34639b11&apos;
System info: os.name: &apos;Windows 11&apos;, os.arch: &apos;amd64&apos;, os.version: &apos;10.0&apos;, java.version: &apos;21.0.7&apos;
Driver info: org.openqa.selenium.chrome.ChromeDriver
Capabilities {acceptInsecureCerts: false, browserName: chrome, browserVersion: 139.0.7258.155, chrome: {chromedriverVersion: 139.0.7258.154 (9e0d6b2b47f..., userDataDir: C:\Users\USER\AppData\Local...}, fedcm:accounts: true, goog:chromeOptions: {debuggerAddress: localhost:52039}, networkConnectionEnabled: false, pageLoadStrategy: normal, platformName: windows, proxy: Proxy(), se:cdp: ws://localhost:52039/devtoo..., se:cdpVersion: 139.0.7258.155, setWindowRect: true, strictFileInteractability: false, timeouts: {implicit: 0, pageLoad: 300000, script: 30000}, unhandledPromptBehavior: dismiss and notify, webauthn:extension:credBlob: true, webauthn:extension:largeBlob: true, webauthn:extension:minPinLength: true, webauthn:extension:prf: true, webauthn:virtualAuthenticators: true}
Session ID: a5df772884981de6ed76d44b54616ceb
	at org.openqa.selenium.support.ui.WebDriverWait.timeoutException(WebDriverWait.java:84)
	at org.openqa.selenium.support.ui.FluentWait.until(FluentWait.java:230)
	at pages.ProductPage.navigateToDesktops(ProductPage.java:43)
	at testcases.ProductTest.sortProductsByPriceLowToHigh(ProductTest.java:77)
	at java.base/java.util.ArrayList.forEach(ArrayList.java:1596)
... Removed 25 stack frames
</div> <!-- stack-trace -->
                </div> <!-- method-content -->
              </div> <!-- method -->
              <div class="method">
                <div class="method-content">
                  <a name="verifySearchNoResults">
                  </a> <!-- verifySearchNoResults -->
                  <span class="method-name">verifySearchNoResults</span>
                  <div class="stack-trace">java.lang.AssertionError: Search should return zero results expected [0] but found [4]
	at testcases.ProductTest.verifySearchNoResults(ProductTest.java:63)
	at java.base/java.util.ArrayList.forEach(ArrayList.java:1596)
... Removed 31 stack frames
</div> <!-- stack-trace -->
                </div> <!-- method-content -->
              </div> <!-- method -->
            </div> <!-- main-panel-content rounded-window-bottom -->
          </div> <!-- suite-NopCommerce_Suite-class-failed -->
          <div class="suite-NopCommerce_Suite-class-failed">
            <div class="main-panel-header rounded-window-top">
              <img src="failed.png"/>
              <span class="class-name">testcases.CheckoutTest</span>
            </div> <!-- main-panel-header rounded-window-top -->
            <div class="main-panel-content rounded-window-bottom">
              <div class="method">
                <div class="method-content">
                  <a name="checkoutProcessTest">
                  </a> <!-- checkoutProcessTest -->
                  <span class="method-name">checkoutProcessTest</span>
                  <div class="stack-trace">org.openqa.selenium.TimeoutException: Expected condition failed: waiting for element to be clickable: By.cssSelector: button[name=&apos;save&apos;] (tried for 10 second(s) with 500 milliseconds interval)
Build info: version: &apos;4.12.1&apos;, revision: &apos;8e34639b11&apos;
System info: os.name: &apos;Windows 11&apos;, os.arch: &apos;amd64&apos;, os.version: &apos;10.0&apos;, java.version: &apos;21.0.7&apos;
Driver info: org.openqa.selenium.chrome.ChromeDriver
Capabilities {acceptInsecureCerts: false, browserName: chrome, browserVersion: 139.0.7258.155, chrome: {chromedriverVersion: 139.0.7258.154 (9e0d6b2b47f..., userDataDir: C:\Users\USER\AppData\Local...}, fedcm:accounts: true, goog:chromeOptions: {debuggerAddress: localhost:52116}, networkConnectionEnabled: false, pageLoadStrategy: normal, platformName: windows, proxy: Proxy(), se:cdp: ws://localhost:52116/devtoo..., se:cdpVersion: 139.0.7258.155, setWindowRect: true, strictFileInteractability: false, timeouts: {implicit: 0, pageLoad: 300000, script: 30000}, unhandledPromptBehavior: dismiss and notify, webauthn:extension:credBlob: true, webauthn:extension:largeBlob: true, webauthn:extension:minPinLength: true, webauthn:extension:prf: true, webauthn:virtualAuthenticators: true}
Session ID: 4069d21239f258e1e7fc398ae1364a6b
	at org.openqa.selenium.support.ui.WebDriverWait.timeoutException(WebDriverWait.java:84)
	at org.openqa.selenium.support.ui.FluentWait.until(FluentWait.java:230)
	at pages.CheckoutPage.clickBillingAddressContinue(CheckoutPage.java:26)
	at testcases.CheckoutTest.checkoutProcessTest(CheckoutTest.java:45)
	at java.base/java.util.ArrayList.forEach(ArrayList.java:1596)
... Removed 25 stack frames
</div> <!-- stack-trace -->
                </div> <!-- method-content -->
              </div> <!-- method -->
            </div> <!-- main-panel-content rounded-window-bottom -->
          </div> <!-- suite-NopCommerce_Suite-class-failed -->
          <div class="suite-NopCommerce_Suite-class-skipped">
            <div class="main-panel-header rounded-window-top">
              <img src="skipped.png"/>
              <span class="class-name">testcases.CartTest</span>
            </div> <!-- main-panel-header rounded-window-top -->
            <div class="main-panel-content rounded-window-bottom">
              <div class="method">
                <div class="method-content">
                  <a name="cartCheckoutButtonTest">
                  </a> <!-- cartCheckoutButtonTest -->
                  <span class="method-name">cartCheckoutButtonTest</span>
                  <div class="stack-trace">org.openqa.selenium.TimeoutException: Expected condition failed: waiting for visibility of all elements located by By.cssSelector: .cart-item-row, .cart-item (tried for 10 second(s) with 500 milliseconds interval)
Build info: version: &apos;4.12.1&apos;, revision: &apos;8e34639b11&apos;
System info: os.name: &apos;Windows 11&apos;, os.arch: &apos;amd64&apos;, os.version: &apos;10.0&apos;, java.version: &apos;21.0.7&apos;
Driver info: org.openqa.selenium.chrome.ChromeDriver
Capabilities {acceptInsecureCerts: false, browserName: chrome, browserVersion: 139.0.7258.155, chrome: {chromedriverVersion: 139.0.7258.154 (9e0d6b2b47f..., userDataDir: C:\Users\USER\AppData\Local...}, fedcm:accounts: true, goog:chromeOptions: {debuggerAddress: localhost:52116}, networkConnectionEnabled: false, pageLoadStrategy: normal, platformName: windows, proxy: Proxy(), se:cdp: ws://localhost:52116/devtoo..., se:cdpVersion: 139.0.7258.155, setWindowRect: true, strictFileInteractability: false, timeouts: {implicit: 0, pageLoad: 300000, script: 30000}, unhandledPromptBehavior: dismiss and notify, webauthn:extension:credBlob: true, webauthn:extension:largeBlob: true, webauthn:extension:minPinLength: true, webauthn:extension:prf: true, webauthn:virtualAuthenticators: true}
Session ID: 4069d21239f258e1e7fc398ae1364a6b
	at org.openqa.selenium.support.ui.WebDriverWait.timeoutException(WebDriverWait.java:84)
	at org.openqa.selenium.support.ui.FluentWait.until(FluentWait.java:230)
	at pages.CartPage.getCartItemCount(CartPage.java:27)
	at testcases.CartTest.cleanCartBeforeEachTest(CartTest.java:38)
	at java.base/java.util.ArrayList.forEach(ArrayList.java:1596)
... Removed 29 stack frames
</div> <!-- stack-trace -->
                </div> <!-- method-content -->
              </div> <!-- method -->
              <div class="method">
                <div class="method-content">
                  <a name="emptyCartTest">
                  </a> <!-- emptyCartTest -->
                  <span class="method-name">emptyCartTest</span>
                  <div class="stack-trace">org.openqa.selenium.TimeoutException: Expected condition failed: waiting for visibility of all elements located by By.cssSelector: .cart-item-row, .cart-item (tried for 10 second(s) with 500 milliseconds interval)
Build info: version: &apos;4.12.1&apos;, revision: &apos;8e34639b11&apos;
System info: os.name: &apos;Windows 11&apos;, os.arch: &apos;amd64&apos;, os.version: &apos;10.0&apos;, java.version: &apos;21.0.7&apos;
Driver info: org.openqa.selenium.chrome.ChromeDriver
Capabilities {acceptInsecureCerts: false, browserName: chrome, browserVersion: 139.0.7258.155, chrome: {chromedriverVersion: 139.0.7258.154 (9e0d6b2b47f..., userDataDir: C:\Users\USER\AppData\Local...}, fedcm:accounts: true, goog:chromeOptions: {debuggerAddress: localhost:52116}, networkConnectionEnabled: false, pageLoadStrategy: normal, platformName: windows, proxy: Proxy(), se:cdp: ws://localhost:52116/devtoo..., se:cdpVersion: 139.0.7258.155, setWindowRect: true, strictFileInteractability: false, timeouts: {implicit: 0, pageLoad: 300000, script: 30000}, unhandledPromptBehavior: dismiss and notify, webauthn:extension:credBlob: true, webauthn:extension:largeBlob: true, webauthn:extension:minPinLength: true, webauthn:extension:prf: true, webauthn:virtualAuthenticators: true}
Session ID: 4069d21239f258e1e7fc398ae1364a6b
	at org.openqa.selenium.support.ui.WebDriverWait.timeoutException(WebDriverWait.java:84)
	at org.openqa.selenium.support.ui.FluentWait.until(FluentWait.java:230)
	at pages.CartPage.getCartItemCount(CartPage.java:27)
	at testcases.CartTest.cleanCartBeforeEachTest(CartTest.java:38)
	at java.base/java.util.ArrayList.forEach(ArrayList.java:1596)
... Removed 29 stack frames
</div> <!-- stack-trace -->
                </div> <!-- method-content -->
              </div> <!-- method -->
              <div class="method">
                <div class="method-content">
                  <a name="removeProductFromCartTest">
                  </a> <!-- removeProductFromCartTest -->
                  <span class="method-name">removeProductFromCartTest</span>
                  <div class="stack-trace">org.openqa.selenium.TimeoutException: Expected condition failed: waiting for visibility of all elements located by By.cssSelector: .cart-item-row, .cart-item (tried for 10 second(s) with 500 milliseconds interval)
Build info: version: &apos;4.12.1&apos;, revision: &apos;8e34639b11&apos;
System info: os.name: &apos;Windows 11&apos;, os.arch: &apos;amd64&apos;, os.version: &apos;10.0&apos;, java.version: &apos;21.0.7&apos;
Driver info: org.openqa.selenium.chrome.ChromeDriver
Capabilities {acceptInsecureCerts: false, browserName: chrome, browserVersion: 139.0.7258.155, chrome: {chromedriverVersion: 139.0.7258.154 (9e0d6b2b47f..., userDataDir: C:\Users\USER\AppData\Local...}, fedcm:accounts: true, goog:chromeOptions: {debuggerAddress: localhost:52116}, networkConnectionEnabled: false, pageLoadStrategy: normal, platformName: windows, proxy: Proxy(), se:cdp: ws://localhost:52116/devtoo..., se:cdpVersion: 139.0.7258.155, setWindowRect: true, strictFileInteractability: false, timeouts: {implicit: 0, pageLoad: 300000, script: 30000}, unhandledPromptBehavior: dismiss and notify, webauthn:extension:credBlob: true, webauthn:extension:largeBlob: true, webauthn:extension:minPinLength: true, webauthn:extension:prf: true, webauthn:virtualAuthenticators: true}
Session ID: 4069d21239f258e1e7fc398ae1364a6b
	at org.openqa.selenium.support.ui.WebDriverWait.timeoutException(WebDriverWait.java:84)
	at org.openqa.selenium.support.ui.FluentWait.until(FluentWait.java:230)
	at pages.CartPage.getCartItemCount(CartPage.java:27)
	at testcases.CartTest.cleanCartBeforeEachTest(CartTest.java:38)
	at java.base/java.util.ArrayList.forEach(ArrayList.java:1596)
... Removed 29 stack frames
</div> <!-- stack-trace -->
                </div> <!-- method-content -->
              </div> <!-- method -->
              <div class="method">
                <div class="method-content">
                  <a name="verifyCartHasLaptop">
                  </a> <!-- verifyCartHasLaptop -->
                  <span class="method-name">verifyCartHasLaptop</span>
                  <div class="stack-trace">org.openqa.selenium.TimeoutException: Expected condition failed: waiting for visibility of all elements located by By.cssSelector: .cart-item-row, .cart-item (tried for 10 second(s) with 500 milliseconds interval)
Build info: version: &apos;4.12.1&apos;, revision: &apos;8e34639b11&apos;
System info: os.name: &apos;Windows 11&apos;, os.arch: &apos;amd64&apos;, os.version: &apos;10.0&apos;, java.version: &apos;21.0.7&apos;
Driver info: org.openqa.selenium.chrome.ChromeDriver
Capabilities {acceptInsecureCerts: false, browserName: chrome, browserVersion: 139.0.7258.155, chrome: {chromedriverVersion: 139.0.7258.154 (9e0d6b2b47f..., userDataDir: C:\Users\USER\AppData\Local...}, fedcm:accounts: true, goog:chromeOptions: {debuggerAddress: localhost:52116}, networkConnectionEnabled: false, pageLoadStrategy: normal, platformName: windows, proxy: Proxy(), se:cdp: ws://localhost:52116/devtoo..., se:cdpVersion: 139.0.7258.155, setWindowRect: true, strictFileInteractability: false, timeouts: {implicit: 0, pageLoad: 300000, script: 30000}, unhandledPromptBehavior: dismiss and notify, webauthn:extension:credBlob: true, webauthn:extension:largeBlob: true, webauthn:extension:minPinLength: true, webauthn:extension:prf: true, webauthn:virtualAuthenticators: true}
Session ID: 4069d21239f258e1e7fc398ae1364a6b
	at org.openqa.selenium.support.ui.WebDriverWait.timeoutException(WebDriverWait.java:84)
	at org.openqa.selenium.support.ui.FluentWait.until(FluentWait.java:230)
	at pages.CartPage.getCartItemCount(CartPage.java:27)
	at testcases.CartTest.cleanCartBeforeEachTest(CartTest.java:38)
	at java.base/java.util.ArrayList.forEach(ArrayList.java:1596)
... Removed 29 stack frames
</div> <!-- stack-trace -->
                </div> <!-- method-content -->
              </div> <!-- method -->
            </div> <!-- main-panel-content rounded-window-bottom -->
          </div> <!-- suite-NopCommerce_Suite-class-skipped -->
          <div class="suite-NopCommerce_Suite-class-passed">
            <div class="main-panel-header rounded-window-top">
              <img src="passed.png"/>
              <span class="class-name">testcases.RegisterTest</span>
            </div> <!-- main-panel-header rounded-window-top -->
            <div class="main-panel-content rounded-window-bottom">
              <div class="method">
                <div class="method-content">
                  <a name="blankFieldsRegistrationTest">
                  </a> <!-- blankFieldsRegistrationTest -->
                  <span class="method-name">blankFieldsRegistrationTest</span>
                </div> <!-- method-content -->
              </div> <!-- method -->
              <div class="method">
                <div class="method-content">
                  <a name="duplicateEmailRegistrationTest">
                  </a> <!-- duplicateEmailRegistrationTest -->
                  <span class="method-name">duplicateEmailRegistrationTest</span>
                </div> <!-- method-content -->
              </div> <!-- method -->
              <div class="method">
                <div class="method-content">
                  <a name="passwordMismatchTest">
                  </a> <!-- passwordMismatchTest -->
                  <span class="method-name">passwordMismatchTest</span>
                </div> <!-- method-content -->
              </div> <!-- method -->
              <div class="method">
                <div class="method-content">
                  <a name="validRegistrationTest">
                  </a> <!-- validRegistrationTest -->
                  <span class="method-name">validRegistrationTest</span>
                </div> <!-- method-content -->
              </div> <!-- method -->
            </div> <!-- main-panel-content rounded-window-bottom -->
          </div> <!-- suite-NopCommerce_Suite-class-passed -->
          <div class="suite-NopCommerce_Suite-class-passed">
            <div class="main-panel-header rounded-window-top">
              <img src="passed.png"/>
              <span class="class-name">testcases.ProductTest</span>
            </div> <!-- main-panel-header rounded-window-top -->
            <div class="main-panel-content rounded-window-bottom">
              <div class="method">
                <div class="method-content">
                  <a name="addMultipleNotebooksToCart">
                  </a> <!-- addMultipleNotebooksToCart -->
                  <span class="method-name">addMultipleNotebooksToCart</span>
                </div> <!-- method-content -->
              </div> <!-- method -->
              <div class="method">
                <div class="method-content">
                  <a name="addSingleLaptopToCart">
                  </a> <!-- addSingleLaptopToCart -->
                  <span class="method-name">addSingleLaptopToCart</span>
                </div> <!-- method-content -->
              </div> <!-- method -->
              <div class="method">
                <div class="method-content">
                  <a name="searchAndAddLaptopToCart">
                  </a> <!-- searchAndAddLaptopToCart -->
                  <span class="method-name">searchAndAddLaptopToCart</span>
                </div> <!-- method-content -->
              </div> <!-- method -->
              <div class="method">
                <div class="method-content">
                  <a name="searchDesktopTest">
                  </a> <!-- searchDesktopTest -->
                  <span class="method-name">searchDesktopTest</span>
                </div> <!-- method-content -->
              </div> <!-- method -->
              <div class="method">
                <div class="method-content">
                  <a name="searchLaptopTest">
                  </a> <!-- searchLaptopTest -->
                  <span class="method-name">searchLaptopTest</span>
                </div> <!-- method-content -->
              </div> <!-- method -->
            </div> <!-- main-panel-content rounded-window-bottom -->
          </div> <!-- suite-NopCommerce_Suite-class-passed -->
          <div class="suite-NopCommerce_Suite-class-passed">
            <div class="main-panel-header rounded-window-top">
              <img src="passed.png"/>
              <span class="class-name">testcases.LoginTest</span>
            </div> <!-- main-panel-header rounded-window-top -->
            <div class="main-panel-content rounded-window-bottom">
              <div class="method">
                <div class="method-content">
                  <a name="blankFieldsLoginTest">
                  </a> <!-- blankFieldsLoginTest -->
                  <span class="method-name">blankFieldsLoginTest</span>
                </div> <!-- method-content -->
              </div> <!-- method -->
              <div class="method">
                <div class="method-content">
                  <a name="invalidEmailLoginTest">
                  </a> <!-- invalidEmailLoginTest -->
                  <span class="method-name">invalidEmailLoginTest</span>
                </div> <!-- method-content -->
              </div> <!-- method -->
              <div class="method">
                <div class="method-content">
                  <a name="invalidPasswordLoginTest">
                  </a> <!-- invalidPasswordLoginTest -->
                  <span class="method-name">invalidPasswordLoginTest</span>
                </div> <!-- method-content -->
              </div> <!-- method -->
              <div class="method">
                <div class="method-content">
                  <a name="validLoginTest">
                  </a> <!-- validLoginTest -->
                  <span class="method-name">validLoginTest</span>
                </div> <!-- method-content -->
              </div> <!-- method -->
            </div> <!-- main-panel-content rounded-window-bottom -->
          </div> <!-- suite-NopCommerce_Suite-class-passed -->
        </div> <!-- panel NopCommerce_Suite -->
        <div panel-name="test-xml-NopCommerce_Suite" class="panel">
          <div class="main-panel-header rounded-window-top">
            <span class="header-content">C:\Users\USER\eclipse-workspace\nopcommerce-capstone\testng.xml</span>
          </div> <!-- main-panel-header rounded-window-top -->
          <div class="main-panel-content rounded-window-bottom">
            <pre>
&lt;?xml version=&quot;1.0&quot; encoding=&quot;UTF-8&quot;?&gt;
&lt;!DOCTYPE suite SYSTEM &quot;https://testng.org/testng-1.0.dtd&quot;&gt;
&lt;suite name=&quot;NopCommerce Suite&quot;&gt;
  &lt;listeners&gt;
    &lt;listener class-name=&quot;utils.TestListener&quot;/&gt;
  &lt;/listeners&gt;
  &lt;test thread-count=&quot;5&quot; name=&quot;AllTests&quot;&gt;
    &lt;classes&gt;
      &lt;class name=&quot;testcases.LoginTest&quot;/&gt;
      &lt;class name=&quot;testcases.RegisterTest&quot;/&gt;
      &lt;class name=&quot;testcases.ProductTest&quot;/&gt;
      &lt;class name=&quot;testcases.CartTest&quot;/&gt;
      &lt;class name=&quot;testcases.CheckoutTest&quot;/&gt;
    &lt;/classes&gt;
  &lt;/test&gt; &lt;!-- AllTests --&gt;
&lt;/suite&gt; &lt;!-- NopCommerce Suite --&gt;
            </pre>
          </div> <!-- main-panel-content rounded-window-bottom -->
        </div> <!-- panel -->
        <div panel-name="testlist-NopCommerce_Suite" class="panel">
          <div class="main-panel-header rounded-window-top">
            <span class="header-content">Tests for NopCommerce Suite</span>
          </div> <!-- main-panel-header rounded-window-top -->
          <div class="main-panel-content rounded-window-bottom">
            <ul>
              <li>
                <span class="test-name">AllTests (5 classes)</span>
              </li>
            </ul>
          </div> <!-- main-panel-content rounded-window-bottom -->
        </div> <!-- panel -->
        <div panel-name="group-NopCommerce_Suite" class="panel">
          <div class="main-panel-header rounded-window-top">
            <span class="header-content">Groups for NopCommerce Suite</span>
          </div> <!-- main-panel-header rounded-window-top -->
          <div class="main-panel-content rounded-window-bottom">
          </div> <!-- main-panel-content rounded-window-bottom -->
        </div> <!-- panel -->
        <div panel-name="times-NopCommerce_Suite" class="panel">
          <div class="main-panel-header rounded-window-top">
            <span class="header-content">Times for NopCommerce Suite</span>
          </div> <!-- main-panel-header rounded-window-top -->
          <div class="main-panel-content rounded-window-bottom">
            <div class="times-div">
              <script type="text/javascript">
suiteTableInitFunctions.push('tableData_NopCommerce_Suite');
function tableData_NopCommerce_Suite() {
var data = new google.visualization.DataTable();
data.addColumn('number', 'Number');
data.addColumn('string', 'Method');
data.addColumn('string', 'Class');
data.addColumn('number', 'Time (ms)');
data.addRows(24);
data.setCell(0, 0, 0)
data.setCell(0, 1, 'changeProductViewToList')
data.setCell(0, 2, 'testcases.ProductTest')
data.setCell(0, 3, 11276);
data.setCell(1, 0, 1)
data.setCell(1, 1, 'addProductsToCompareList')
data.setCell(1, 2, 'testcases.ProductTest')
data.setCell(1, 3, 11229);
data.setCell(2, 0, 2)
data.setCell(2, 1, 'addMultipleDesktopsToCart')
data.setCell(2, 2, 'testcases.ProductTest')
data.setCell(2, 3, 10916);
data.setCell(3, 0, 3)
data.setCell(3, 1, 'searchNotebookTest')
data.setCell(3, 2, 'testcases.ProductTest')
data.setCell(3, 3, 10813);
data.setCell(4, 0, 4)
data.setCell(4, 1, 'sortProductsByPriceLowToHigh')
data.setCell(4, 2, 'testcases.ProductTest')
data.setCell(4, 3, 10617);
data.setCell(5, 0, 5)
data.setCell(5, 1, 'checkoutProcessTest')
data.setCell(5, 2, 'testcases.CheckoutTest')
data.setCell(5, 3, 10201);
data.setCell(6, 0, 6)
data.setCell(6, 1, 'validRegistrationTest')
data.setCell(6, 2, 'testcases.RegisterTest')
data.setCell(6, 3, 3430);
data.setCell(7, 0, 7)
data.setCell(7, 1, 'invalidPasswordLoginTest')
data.setCell(7, 2, 'testcases.LoginTest')
data.setCell(7, 3, 1634);
data.setCell(8, 0, 8)
data.setCell(8, 1, 'addMultipleNotebooksToCart')
data.setCell(8, 2, 'testcases.ProductTest')
data.setCell(8, 3, 1612);
data.setCell(9, 0, 9)
data.setCell(9, 1, 'passwordMismatchTest')
data.setCell(9, 2, 'testcases.RegisterTest')
data.setCell(9, 3, 1427);
data.setCell(10, 0, 10)
data.setCell(10, 1, 'searchDesktopTest')
data.setCell(10, 2, 'testcases.ProductTest')
data.setCell(10, 3, 1374);
data.setCell(11, 0, 11)
data.setCell(11, 1, 'addSingleLaptopToCart')
data.setCell(11, 2, 'testcases.ProductTest')
data.setCell(11, 3, 1239);
data.setCell(12, 0, 12)
data.setCell(12, 1, 'duplicateEmailRegistrationTest')
data.setCell(12, 2, 'testcases.RegisterTest')
data.setCell(12, 3, 1097);
data.setCell(13, 0, 13)
data.setCell(13, 1, 'verifySearchNoResults')
data.setCell(13, 2, 'testcases.ProductTest')
data.setCell(13, 3, 1091);
data.setCell(14, 0, 14)
data.setCell(14, 1, 'validLoginTest')
data.setCell(14, 2, 'testcases.LoginTest')
data.setCell(14, 3, 1066);
data.setCell(15, 0, 15)
data.setCell(15, 1, 'searchLaptopTest')
data.setCell(15, 2, 'testcases.ProductTest')
data.setCell(15, 3, 888);
data.setCell(16, 0, 16)
data.setCell(16, 1, 'searchAndAddLaptopToCart')
data.setCell(16, 2, 'testcases.ProductTest')
data.setCell(16, 3, 836);
data.setCell(17, 0, 17)
data.setCell(17, 1, 'invalidEmailLoginTest')
data.setCell(17, 2, 'testcases.LoginTest')
data.setCell(17, 3, 767);
data.setCell(18, 0, 18)
data.setCell(18, 1, 'blankFieldsRegistrationTest')
data.setCell(18, 2, 'testcases.RegisterTest')
data.setCell(18, 3, 671);
data.setCell(19, 0, 19)
data.setCell(19, 1, 'blankFieldsLoginTest')
data.setCell(19, 2, 'testcases.LoginTest')
data.setCell(19, 3, 254);
data.setCell(20, 0, 20)
data.setCell(20, 1, 'verifyCartHasLaptop')
data.setCell(20, 2, 'testcases.CartTest')
data.setCell(20, 3, 0);
data.setCell(21, 0, 21)
data.setCell(21, 1, 'emptyCartTest')
data.setCell(21, 2, 'testcases.CartTest')
data.setCell(21, 3, 0);
data.setCell(22, 0, 22)
data.setCell(22, 1, 'cartCheckoutButtonTest')
data.setCell(22, 2, 'testcases.CartTest')
data.setCell(22, 3, 0);
data.setCell(23, 0, 23)
data.setCell(23, 1, 'removeProductFromCartTest')
data.setCell(23, 2, 'testcases.CartTest')
data.setCell(23, 3, 0);
window.suiteTableData['NopCommerce_Suite']= { tableData: data, tableDiv: 'times-div-NopCommerce_Suite'}
return data;
}
              </script>
              <span class="suite-total-time">Total running time: 1 minutes</span>
              <div id="times-div-NopCommerce_Suite">
              </div> <!-- times-div-NopCommerce_Suite -->
            </div> <!-- times-div -->
          </div> <!-- main-panel-content rounded-window-bottom -->
        </div> <!-- panel -->
        <div panel-name="reporter-NopCommerce_Suite" class="panel">
          <div class="main-panel-header rounded-window-top">
            <span class="header-content">Reporter output for NopCommerce Suite</span>
          </div> <!-- main-panel-header rounded-window-top -->
          <div class="main-panel-content rounded-window-bottom">
          </div> <!-- main-panel-content rounded-window-bottom -->
        </div> <!-- panel -->
        <div panel-name="ignored-methods-NopCommerce_Suite" class="panel">
          <div class="main-panel-header rounded-window-top">
            <span class="header-content">0 ignored methods</span>
          </div> <!-- main-panel-header rounded-window-top -->
          <div class="main-panel-content rounded-window-bottom">
          </div> <!-- main-panel-content rounded-window-bottom -->
        </div> <!-- panel -->
        <div panel-name="chronological-NopCommerce_Suite" class="panel">
          <div class="main-panel-header rounded-window-top">
            <span class="header-content">Methods in chronological order</span>
          </div> <!-- main-panel-header rounded-window-top -->
          <div class="main-panel-content rounded-window-bottom">
            <div class="chronological-class">
              <div class="chronological-class-name">testcases.LoginTest</div> <!-- chronological-class-name -->
              <div class="configuration-class before">
                <span class="method-name">setup</span>
                <span class="method-start">0 ms</span>
              </div> <!-- configuration-class before -->
              <div class="test-method">
                <span class="method-name">validLoginTest</span>
                <span class="method-start">7027 ms</span>
              </div> <!-- test-method -->
              <div class="test-method">
                <span class="method-name">invalidEmailLoginTest</span>
                <span class="method-start">8101 ms</span>
              </div> <!-- test-method -->
              <div class="test-method">
                <span class="method-name">invalidPasswordLoginTest</span>
                <span class="method-start">8870 ms</span>
              </div> <!-- test-method -->
              <div class="test-method">
                <span class="method-name">blankFieldsLoginTest</span>
                <span class="method-start">10505 ms</span>
              </div> <!-- test-method -->
              <div class="configuration-class after">
                <span class="method-name">teardown</span>
                <span class="method-start">10762 ms</span>
              </div> <!-- configuration-class after -->
            </div> <!-- chronological-class -->
            <div class="chronological-class">
              <div class="chronological-class-name">testcases.RegisterTest</div> <!-- chronological-class-name -->
              <div class="configuration-class before">
                <span class="method-name">setup</span>
                <span class="method-start">11050 ms</span>
              </div> <!-- configuration-class before -->
              <div class="test-method">
                <span class="method-name">validRegistrationTest</span>
                <span class="method-start">12008 ms</span>
              </div> <!-- test-method -->
              <div class="test-method">
                <span class="method-name">duplicateEmailRegistrationTest</span>
                <span class="method-start">15441 ms</span>
              </div> <!-- test-method -->
              <div class="test-method">
                <span class="method-name">passwordMismatchTest</span>
                <span class="method-start">16540 ms</span>
              </div> <!-- test-method -->
              <div class="test-method">
                <span class="method-name">blankFieldsRegistrationTest</span>
                <span class="method-start">17970 ms</span>
              </div> <!-- test-method -->
              <div class="configuration-class after">
                <span class="method-name">teardown</span>
                <span class="method-start">18644 ms</span>
              </div> <!-- configuration-class after -->
            </div> <!-- chronological-class -->
            <div class="chronological-class">
              <div class="chronological-class-name">testcases.ProductTest</div> <!-- chronological-class-name -->
              <div class="configuration-class before">
                <span class="method-name">setup</span>
                <span class="method-start">18868 ms</span>
              </div> <!-- configuration-class before -->
              <div class="test-method">
                <span class="method-name">searchLaptopTest</span>
                <span class="method-start">21788 ms</span>
              </div> <!-- test-method -->
              <div class="test-method">
                <span class="method-name">searchDesktopTest</span>
                <span class="method-start">22677 ms</span>
              </div> <!-- test-method -->
              <div class="test-method">
                <img src="failed.png">
                </img>
                <span class="method-name">searchNotebookTest</span>
                <span class="method-start">24052 ms</span>
              </div> <!-- test-method -->
              <div class="test-method">
                <span class="method-name">addSingleLaptopToCart</span>
                <span class="method-start">35169 ms</span>
              </div> <!-- test-method -->
              <div class="test-method">
                <img src="failed.png">
                </img>
                <span class="method-name">addMultipleDesktopsToCart</span>
                <span class="method-start">36412 ms</span>
              </div> <!-- test-method -->
              <div class="test-method">
                <span class="method-name">addMultipleNotebooksToCart</span>
                <span class="method-start">47493 ms</span>
              </div> <!-- test-method -->
              <div class="test-method">
                <img src="failed.png">
                </img>
                <span class="method-name">verifySearchNoResults</span>
                <span class="method-start">49107 ms</span>
              </div> <!-- test-method -->
              <div class="test-method">
                <span class="method-name">searchAndAddLaptopToCart</span>
                <span class="method-start">50388 ms</span>
              </div> <!-- test-method -->
              <div class="test-method">
                <img src="failed.png">
                </img>
                <span class="method-name">sortProductsByPriceLowToHigh</span>
                <span class="method-start">51225 ms</span>
              </div> <!-- test-method -->
              <div class="test-method">
                <img src="failed.png">
                </img>
                <span class="method-name">changeProductViewToList</span>
                <span class="method-start">62001 ms</span>
              </div> <!-- test-method -->
              <div class="test-method">
                <img src="failed.png">
                </img>
                <span class="method-name">addProductsToCompareList</span>
                <span class="method-start">73444 ms</span>
              </div> <!-- test-method -->
              <div class="configuration-class after">
                <span class="method-name">teardown</span>
                <span class="method-start">84822 ms</span>
              </div> <!-- configuration-class after -->
            </div> <!-- chronological-class -->
            <div class="chronological-class">
              <div class="chronological-class-name">testcases.CartTest</div> <!-- chronological-class-name -->
              <div class="configuration-class before">
                <span class="method-name">setup</span>
                <span class="method-start">85133 ms</span>
              </div> <!-- configuration-class before -->
              <div class="configuration-method before">
                <img src="failed.png">
                </img>
                <span class="method-name">cleanCartBeforeEachTest</span>
                <span class="method-start">90014 ms</span>
              </div> <!-- configuration-method before -->
              <div class="configuration-method before">
                <span class="method-name">cleanCartBeforeEachTest</span>
                <span class="method-start">100078 ms</span>
              </div> <!-- configuration-method before -->
              <div class="configuration-method before">
                <span class="method-name">cleanCartBeforeEachTest</span>
                <span class="method-start">100082 ms</span>
              </div> <!-- configuration-method before -->
              <div class="configuration-method before">
                <span class="method-name">cleanCartBeforeEachTest</span>
                <span class="method-start">100084 ms</span>
              </div> <!-- configuration-method before -->
            </div> <!-- chronological-class -->
            <div class="chronological-class">
              <div class="chronological-class-name">testcases.CheckoutTest</div> <!-- chronological-class-name -->
              <div class="configuration-class before">
                <span class="method-name">setup</span>
                <span class="method-start">100088 ms</span>
              </div> <!-- configuration-class before -->
              <div class="test-method">
                <img src="failed.png">
                </img>
                <span class="method-name">checkoutProcessTest</span>
                <span class="method-start">104839 ms</span>
              </div> <!-- test-method -->
              <div class="configuration-class after">
                <span class="method-name">teardown</span>
                <span class="method-start">119285 ms</span>
              </div> <!-- configuration-class after -->
          </div> <!-- main-panel-content rounded-window-bottom -->
        </div> <!-- panel -->
      </div> <!-- main-panel-root -->
    </div> <!-- wrapper -->
  </body>
<script type="text/javascript" src="testng-reports2.js"></script>
</html>
